{"/Users/victorkasap/Projects/frontend-project-lvl2/src/index.js": {"path":"/Users/victorkasap/Projects/frontend-project-lvl2/src/index.js","all":false,"statementMap":{"0":{"start":{"line":1,"column":0},"end":{"line":1,"column":25}},"1":{"start":{"line":2,"column":0},"end":{"line":2,"column":0}},"2":{"start":{"line":3,"column":0},"end":{"line":3,"column":74}},"3":{"start":{"line":4,"column":0},"end":{"line":4,"column":0}},"4":{"start":{"line":5,"column":0},"end":{"line":5,"column":34}},"5":{"start":{"line":6,"column":0},"end":{"line":6,"column":34}},"6":{"start":{"line":7,"column":0},"end":{"line":7,"column":34}},"7":{"start":{"line":8,"column":0},"end":{"line":8,"column":0}},"8":{"start":{"line":9,"column":0},"end":{"line":9,"column":22}},"9":{"start":{"line":10,"column":0},"end":{"line":10,"column":25}},"10":{"start":{"line":11,"column":0},"end":{"line":11,"column":25}},"11":{"start":{"line":12,"column":0},"end":{"line":12,"column":25}},"12":{"start":{"line":13,"column":0},"end":{"line":13,"column":35}},"13":{"start":{"line":14,"column":0},"end":{"line":14,"column":35}},"14":{"start":{"line":15,"column":0},"end":{"line":15,"column":57}},"15":{"start":{"line":16,"column":0},"end":{"line":16,"column":0}},"16":{"start":{"line":17,"column":0},"end":{"line":17,"column":46}},"17":{"start":{"line":18,"column":0},"end":{"line":18,"column":28}},"18":{"start":{"line":19,"column":0},"end":{"line":19,"column":28}},"19":{"start":{"line":20,"column":0},"end":{"line":20,"column":0}},"20":{"start":{"line":21,"column":0},"end":{"line":21,"column":56}},"21":{"start":{"line":22,"column":0},"end":{"line":22,"column":22}},"22":{"start":{"line":23,"column":0},"end":{"line":23,"column":54}},"23":{"start":{"line":24,"column":0},"end":{"line":24,"column":5}},"24":{"start":{"line":25,"column":0},"end":{"line":25,"column":0}},"25":{"start":{"line":26,"column":0},"end":{"line":26,"column":52}},"26":{"start":{"line":27,"column":0},"end":{"line":27,"column":36}},"27":{"start":{"line":28,"column":0},"end":{"line":28,"column":57}},"28":{"start":{"line":29,"column":0},"end":{"line":29,"column":57}},"29":{"start":{"line":30,"column":0},"end":{"line":30,"column":5}},"30":{"start":{"line":31,"column":0},"end":{"line":31,"column":0}},"31":{"start":{"line":32,"column":0},"end":{"line":32,"column":62}},"32":{"start":{"line":33,"column":0},"end":{"line":33,"column":49}},"33":{"start":{"line":34,"column":0},"end":{"line":34,"column":57}},"34":{"start":{"line":35,"column":0},"end":{"line":35,"column":5}},"35":{"start":{"line":36,"column":0},"end":{"line":36,"column":0}},"36":{"start":{"line":37,"column":0},"end":{"line":37,"column":31}},"37":{"start":{"line":38,"column":0},"end":{"line":38,"column":49}},"38":{"start":{"line":39,"column":0},"end":{"line":39,"column":57}},"39":{"start":{"line":40,"column":0},"end":{"line":40,"column":5}},"40":{"start":{"line":41,"column":0},"end":{"line":41,"column":0}},"41":{"start":{"line":42,"column":0},"end":{"line":42,"column":16}},"42":{"start":{"line":43,"column":0},"end":{"line":43,"column":9}},"43":{"start":{"line":44,"column":0},"end":{"line":44,"column":0}},"44":{"start":{"line":45,"column":0},"end":{"line":45,"column":27}},"45":{"start":{"line":46,"column":0},"end":{"line":46,"column":2}}},"s":{"0":1,"1":1,"2":1,"3":1,"4":1,"5":1,"6":1,"7":1,"8":1,"9":1,"10":1,"11":1,"12":1,"13":1,"14":1,"15":1,"16":1,"17":5,"18":5,"19":5,"20":5,"21":5,"22":1,"23":1,"24":5,"25":5,"26":5,"27":1,"28":1,"29":1,"30":5,"31":5,"32":5,"33":2,"34":2,"35":5,"36":5,"37":5,"38":1,"39":1,"40":5,"41":5,"42":1,"43":1,"44":1,"45":1},"branchMap":{"0":{"type":"branch","line":3,"loc":{"start":{"line":3,"column":20},"end":{"line":3,"column":33}},"locations":[{"start":{"line":3,"column":20},"end":{"line":3,"column":33}}]},"1":{"type":"branch","line":5,"loc":{"start":{"line":5,"column":15},"end":{"line":46,"column":2}},"locations":[{"start":{"line":5,"column":15},"end":{"line":46,"column":2}}]},"2":{"type":"branch","line":17,"loc":{"start":{"line":17,"column":29},"end":{"line":43,"column":5}},"locations":[{"start":{"line":17,"column":29},"end":{"line":43,"column":5}}]},"3":{"type":"branch","line":22,"loc":{"start":{"line":22,"column":21},"end":{"line":24,"column":5}},"locations":[{"start":{"line":22,"column":21},"end":{"line":24,"column":5}}]},"4":{"type":"branch","line":27,"loc":{"start":{"line":27,"column":11},"end":{"line":27,"column":22}},"locations":[{"start":{"line":27,"column":11},"end":{"line":27,"column":22}}]},"5":{"type":"branch","line":27,"loc":{"start":{"line":27,"column":8},"end":{"line":27,"column":35}},"locations":[{"start":{"line":27,"column":8},"end":{"line":27,"column":35}}]},"6":{"type":"branch","line":27,"loc":{"start":{"line":27,"column":35},"end":{"line":30,"column":5}},"locations":[{"start":{"line":27,"column":35},"end":{"line":30,"column":5}}]},"7":{"type":"branch","line":33,"loc":{"start":{"line":33,"column":8},"end":{"line":33,"column":48}},"locations":[{"start":{"line":33,"column":8},"end":{"line":33,"column":48}}]},"8":{"type":"branch","line":33,"loc":{"start":{"line":33,"column":48},"end":{"line":35,"column":5}},"locations":[{"start":{"line":33,"column":48},"end":{"line":35,"column":5}}]},"9":{"type":"branch","line":38,"loc":{"start":{"line":38,"column":8},"end":{"line":38,"column":48}},"locations":[{"start":{"line":38,"column":8},"end":{"line":38,"column":48}}]},"10":{"type":"branch","line":38,"loc":{"start":{"line":38,"column":48},"end":{"line":40,"column":5}},"locations":[{"start":{"line":38,"column":48},"end":{"line":40,"column":5}}]}},"b":{"0":[2],"1":[1],"2":[5],"3":[1],"4":[3],"5":[2],"6":[1],"7":[4],"8":[2],"9":[1],"10":[1]},"fnMap":{"0":{"name":"getContent","decl":{"start":{"line":3,"column":20},"end":{"line":3,"column":33}},"loc":{"start":{"line":3,"column":20},"end":{"line":3,"column":33}},"line":3},"1":{"name":"default","decl":{"start":{"line":5,"column":15},"end":{"line":46,"column":2}},"loc":{"start":{"line":5,"column":15},"end":{"line":46,"column":2}},"line":5}},"f":{"0":2,"1":1}}
}
