TN:
SF:src/index.js
FN:3,default
FNF:1
FNH:1
FNDA:2,default
DA:1,1
DA:2,1
DA:3,1
DA:4,2
DA:5,2
DA:6,2
DA:7,2
DA:8,2
DA:9,2
DA:10,2
DA:11,2
DA:12,2
DA:13,2
DA:14,2
DA:15,2
DA:16,10
DA:17,10
DA:18,10
DA:19,10
DA:20,10
DA:21,2
DA:22,2
DA:23,10
DA:24,10
DA:25,10
DA:26,2
DA:27,2
DA:28,2
DA:29,10
DA:30,10
DA:31,10
DA:32,4
DA:33,4
DA:34,10
DA:35,10
DA:36,10
DA:37,2
DA:38,2
DA:39,10
DA:40,10
DA:41,2
DA:42,2
DA:43,2
DA:44,2
DA:45,2
DA:46,2
LF:46
LH:46
BRDA:3,0,0,2
BRDA:15,1,0,10
BRDA:20,2,0,2
BRDA:25,3,0,6
BRDA:25,4,0,4
BRDA:25,5,0,2
BRDA:31,6,0,8
BRDA:31,7,0,4
BRDA:36,8,0,2
BRDA:36,9,0,2
BRF:10
BRH:10
end_of_record
TN:
SF:src/parsers.js
FN:5,parse
FN:18,getContent
FNF:2
FNH:2
FNDA:6,parse
FNDA:6,getContent
DA:1,1
DA:2,1
DA:3,1
DA:4,1
DA:5,1
DA:6,6
DA:7,6
DA:8,6
DA:9,6
DA:10,6
DA:11,6
DA:12,6
DA:13,6
DA:14,6
DA:15,6
DA:16,6
DA:17,1
DA:18,1
DA:19,6
DA:20,6
DA:21,6
DA:22,6
DA:23,6
DA:24,1
DA:25,1
LF:25
LH:25
BRDA:5,0,0,6
BRDA:7,1,0,2
BRDA:10,2,0,3
BRDA:10,3,0,3
BRDA:13,4,0,1
BRDA:18,5,0,6
BRF:6
BRH:6
end_of_record
