TN:
SF:src/index.js
FN:3,getContent
FN:5,default
FNF:2
FNH:2
FNDA:2,getContent
FNDA:1,default
DA:1,1
DA:2,1
DA:3,1
DA:4,1
DA:5,1
DA:6,1
DA:7,1
DA:8,1
DA:9,1
DA:10,1
DA:11,1
DA:12,1
DA:13,1
DA:14,1
DA:15,1
DA:16,1
DA:17,1
DA:18,5
DA:19,5
DA:20,5
DA:21,5
DA:22,5
DA:23,1
DA:24,1
DA:25,5
DA:26,5
DA:27,5
DA:28,1
DA:29,1
DA:30,1
DA:31,5
DA:32,5
DA:33,5
DA:34,2
DA:35,2
DA:36,5
DA:37,5
DA:38,5
DA:39,1
DA:40,1
DA:41,5
DA:42,5
DA:43,1
DA:44,1
DA:45,1
DA:46,1
LF:46
LH:46
BRDA:3,0,0,2
BRDA:5,1,0,1
BRDA:17,2,0,5
BRDA:22,3,0,1
BRDA:27,4,0,3
BRDA:27,5,0,2
BRDA:27,6,0,1
BRDA:33,7,0,4
BRDA:33,8,0,2
BRDA:38,9,0,1
BRDA:38,10,0,1
BRF:11
BRH:11
end_of_record
